<?xml version="1.0" encoding="UTF-8"?>
<!-- Generated by org.testng.reporters.JUnitXMLReporter -->
<testsuite hostname="DESKTOP-165ABPJ" ignored="0" name="Sign In With Username Password Test On Chrome" tests="11" failures="2" timestamp="01 Oct 2020 19:42:48 GMT" time="551.506" errors="0">
  <testcase name="TC_01_Search_Address_Without_Login_Then_Login" time="54.421" classname="com.qa.interestsmart.tests.TC_11_Search_Address_Without_Login_Then_Login"/>
  <testcase name="TC_01_LoginFacebook_Verify_FirstName_LastName_Logout" time="14.336" classname="com.qa.interestsmart.tests.TC_02_LoginFacebook_Verify_FirstName_LastName_Logout"/>
  <testcase name="TC_03_Login_ValidEmail_ValidPassword" time="12.415" classname="com.qa.interestsmart.tests.TC_03_Login_ValidEmail_ValidPassword"/>
  <testcase name="TC_04_Login_InvalidEmail_ValidPassword" time="12.789" classname="com.qa.interestsmart.tests.TC_04_Login_InvalidEmail_ValidPassword"/>
  <testcase name="TC_05_Login_ValidEmail_InvalidPassword" time="15.926" classname="com.qa.interestsmart.tests.TC_05_Login_ValidEmail_InvalidPassword"/>
  <testcase name="TC_06_InvalidEmail_InvalidPassword" time="15.978" classname="com.qa.interestsmart.tests.TC_06_InvalidEmail_InvalidPassword"/>
  <testcase name="TC_07_SearchLoan_ByValidAddress" time="22.439" classname="com.qa.interestsmart.tests.TC_07_SearchLoan_ByValidAddress"/>
  <testcase name="TC_08_SearchLoan_ByInValidAddress" time="20.762" classname="com.qa.interestsmart.tests.TC_08_SearchLoan_ByInValidAddress">
    <failure type="java.lang.AssertionError" message="The following asserts failed:
	expected [We found your mortgage data!] but found []">
      <![CDATA[java.lang.AssertionError: The following asserts failed:
expected [We found your mortgage data!] but found []
at com.qa.interestsmart.pages.SignInToApplication.checkLoanByEnteringAddress(SignInToApplication.java:541)
at com.qa.interestsmart.tests.TC_08_SearchLoan_ByInValidAddress.TC_08_SearchLoan_ByInValidAddress(TC_08_SearchLoan_ByInValidAddress.java:17)
... Removed 30 stack frames]]>
    </failure>
  </testcase> <!-- TC_08_SearchLoan_ByInValidAddress -->
  <testcase name="TC_09_Verify_MonthlyPayment_RemainingBalance" time="50.589" classname="com.qa.interestsmart.tests.TC_09_Verify_MonthlyPayment_RemainingBalance"/>
  <testcase name="TC_10_Verify_MonthlyPayment_RemainingBalance_NegativeScenario" time="47.854" classname="com.qa.interestsmart.tests.TC_10_Verify_MonthlyPayment_RemainingBalance_NegativeScenario">
    <failure type="java.lang.AssertionError" message="The following asserts failed:
	Actual Remaining Balance 986.0 is not equal to Expected Remaining balance 985.0 expected [985.0] but found [986.0],
	Actual Monthly Payment 4.6 is not equal to Expected Monthly Payment 4.77 expected [4.77] but found [4.6]">
      <![CDATA[java.lang.AssertionError: The following asserts failed:
Actual Remaining Balance 986.0 is not equal to Expected Remaining balance 985.0 expected [985.0] but found [986.0],
Actual Monthly Payment 4.6 is not equal to Expected Monthly Payment 4.77 expected [4.77] but found [4.6]
at com.qa.interestsmart.pages.SignInToApplication.verifyMonthlypayment(SignInToApplication.java:754)
at com.qa.interestsmart.tests.TC_10_Verify_MonthlyPayment_RemainingBalance_NegativeScenario.TC_10_Verify_MonthlyPayment_RemainingBalance_NegativeScenario(TC_10_Verify_MonthlyPayment_RemainingBalance_NegativeScenario.java:29)
... Removed 30 stack frames]]>
    </failure>
  </testcase> <!-- TC_10_Verify_MonthlyPayment_RemainingBalance_NegativeScenario -->
  <testcase name="TC_12_Submit_Loan" time="186.933" classname="com.qa.interestsmart.tests.TC_12_Submit_Loan"/>
</testsuite> <!-- Sign In With Username Password Test On Chrome -->
