<html>
<head>
<title>TestNG:  Sign In With Username Password Test On Chrome</title>
<link href="../testng.css" rel="stylesheet" type="text/css" />
<link href="../my-testng.css" rel="stylesheet" type="text/css" />

<style type="text/css">
.log { display: none;} 
.stack-trace { display: none;} 
</style>
<script type="text/javascript">
<!--
function flip(e) {
  current = e.style.display;
  if (current == 'block') {
    e.style.display = 'none';
    return 0;
  }
  else {
    e.style.display = 'block';
    return 1;
  }
}

function toggleBox(szDivId, elem, msg1, msg2)
{
  var res = -1;  if (document.getElementById) {
    res = flip(document.getElementById(szDivId));
  }
  else if (document.all) {
    // this is the way old msie versions work
    res = flip(document.all[szDivId]);
  }
  if(elem) {
    if(res == 0) elem.innerHTML = msg1; else elem.innerHTML = msg2;
  }

}

function toggleAllBoxes() {
  if (document.getElementsByTagName) {
    d = document.getElementsByTagName('div');
    for (i = 0; i < d.length; i++) {
      if (d[i].className == 'log') {
        flip(d[i]);
      }
    }
  }
}

// -->
</script>

</head>
<body>
<h2 align='center'>Sign In With Username Password Test On Chrome</h2><table border='1' align="center">
<tr>
<td>Tests passed/Failed/Skipped:</td><td>9/2/0</td>
</tr><tr>
<td>Started on:</td><td>Fri Oct 02 01:03:37 IST 2020</td>
</tr>
<tr><td>Total time:</td><td>551 seconds (551506 ms)</td>
</tr><tr>
<td>Included groups:</td><td></td>
</tr><tr>
<td>Excluded groups:</td><td></td>
</tr>
</table><p/>
<small><i>(Hover the method name to see the test class name)</i></small><p/>
<table width='100%' border='1' class='invocation-failed'>
<tr><td colspan='4' align='center'><b>FAILED TESTS</b></td></tr>
<tr><td><b>Test method</b></td>
<td width="30%"><b>Exception</b></td>
<td width="10%"><b>Time (seconds)</b></td>
<td><b>Instance</b></td>
</tr>
<tr>
<td title='com.qa.interestsmart.tests.TC_08_SearchLoan_ByInValidAddress.TC_08_SearchLoan_ByInValidAddress()'><b>TC_08_SearchLoan_ByInValidAddress</b><br>Test class: com.qa.interestsmart.tests.TC_08_SearchLoan_ByInValidAddress<br/>
<a href="#Output-4888672" onClick='toggleBox("Output-4888672", this, "Show output", "Hide output");'>Show output</a>

<a href="#Output-4888672" onClick="toggleAllBoxes();">Show all outputs</a>
<div class='log' id="Output-4888672">
<a href='C:\Users\Admin\Desktop\Interest mart\interestsmart\interestsmart\target\surefire-reports\failure_screenshots\TC_08_SearchLoan_ByInValidAddress_02_10_2020_01_07_33.png'> <img src='C:\Users\Admin\Desktop\Interest mart\interestsmart\interestsmart\target\surefire-reports\failure_screenshots\TC_08_SearchLoan_ByInValidAddress_02_10_2020_01_07_33.png' height='100' width='100'/> </a><br/>
</div>
</td>
<td><div><pre>java.lang.AssertionError: The following asserts failed:
	expected [We found your mortgage data!] but found []
	at com.qa.interestsmart.pages.SignInToApplication.checkLoanByEnteringAddress(SignInToApplication.java:541)
	at com.qa.interestsmart.tests.TC_08_SearchLoan_ByInValidAddress.TC_08_SearchLoan_ByInValidAddress(TC_08_SearchLoan_ByInValidAddress.java:17)
... Removed 30 stack frames</pre></div><a href='#' onClick='toggleBox("stack-trace4888672", this, "Click to show all stack frames", "Click to hide stack frames")'>Click to show all stack frames</a>
<div class='stack-trace' id='stack-trace4888672'><pre>java.lang.AssertionError: The following asserts failed:
	expected [We found your mortgage data!] but found []
	at org.testng.asserts.SoftAssert.assertAll(SoftAssert.java:43)
	at com.qa.interestsmart.pages.SignInToApplication.checkLoanByEnteringAddress(SignInToApplication.java:541)
	at com.qa.interestsmart.tests.TC_08_SearchLoan_ByInValidAddress.TC_08_SearchLoan_ByInValidAddress(TC_08_SearchLoan_ByInValidAddress.java:17)
	at sun.reflect.NativeMethodAccessorImpl.invoke0(Native Method)
	at sun.reflect.NativeMethodAccessorImpl.invoke(NativeMethodAccessorImpl.java:62)
	at sun.reflect.DelegatingMethodAccessorImpl.invoke(DelegatingMethodAccessorImpl.java:43)
	at java.lang.reflect.Method.invoke(Method.java:498)
	at org.testng.internal.MethodInvocationHelper.invokeMethod(MethodInvocationHelper.java:124)
	at org.testng.internal.Invoker.invokeMethod(Invoker.java:583)
	at org.testng.internal.Invoker.invokeTestMethod(Invoker.java:719)
	at org.testng.internal.Invoker.invokeTestMethods(Invoker.java:989)
	at org.testng.internal.TestMethodWorker.invokeTestMethods(TestMethodWorker.java:125)
	at org.testng.internal.TestMethodWorker.run(TestMethodWorker.java:109)
	at org.testng.TestRunner.privateRun(TestRunner.java:648)
	at org.testng.TestRunner.run(TestRunner.java:505)
	at org.testng.SuiteRunner.runTest(SuiteRunner.java:455)
	at org.testng.SuiteRunner.runSequentially(SuiteRunner.java:450)
	at org.testng.SuiteRunner.privateRun(SuiteRunner.java:415)
	at org.testng.SuiteRunner.run(SuiteRunner.java:364)
	at org.testng.SuiteRunnerWorker.runSuite(SuiteRunnerWorker.java:52)
	at org.testng.SuiteRunnerWorker.run(SuiteRunnerWorker.java:84)
	at org.testng.TestNG.runSuitesSequentially(TestNG.java:1208)
	at org.testng.TestNG.runSuitesLocally(TestNG.java:1137)
	at org.testng.TestNG.runSuites(TestNG.java:1049)
	at org.testng.TestNG.run(TestNG.java:1017)
	at org.apache.maven.surefire.testng.TestNGExecutor.run(TestNGExecutor.java:283)
	at org.apache.maven.surefire.testng.TestNGXmlTestSuite.execute(TestNGXmlTestSuite.java:75)
	at org.apache.maven.surefire.testng.TestNGProvider.invoke(TestNGProvider.java:120)
	at org.apache.maven.surefire.booter.ForkedBooter.runSuitesInProcess(ForkedBooter.java:377)
	at org.apache.maven.surefire.booter.ForkedBooter.execute(ForkedBooter.java:138)
	at org.apache.maven.surefire.booter.ForkedBooter.run(ForkedBooter.java:465)
	at org.apache.maven.surefire.booter.ForkedBooter.main(ForkedBooter.java:451)
</pre></div></td>
<td>20</td>
<td>com.qa.interestsmart.tests.TC_08_SearchLoan_ByInValidAddress@69fb6037</td></tr>
<tr>
<td title='com.qa.interestsmart.tests.TC_10_Verify_MonthlyPayment_RemainingBalance_NegativeScenario.TC_10_Verify_MonthlyPayment_RemainingBalance_NegativeScenario()'><b>TC_10_Verify_MonthlyPayment_RemainingBalance_NegativeScenario</b><br>Test class: com.qa.interestsmart.tests.TC_10_Verify_MonthlyPayment_RemainingBalance_NegativeScenario<br/>
<a href="#Output-217062446" onClick='toggleBox("Output-217062446", this, "Show output", "Hide output");'>Show output</a>

<a href="#Output-217062446" onClick="toggleAllBoxes();">Show all outputs</a>
<div class='log' id="Output-217062446">
<a href='C:\Users\Admin\Desktop\Interest mart\interestsmart\interestsmart\target\surefire-reports\failure_screenshots\TC_10_Verify_MonthlyPayment_RemainingBalance_NegativeScenario_02_10_2020_01_09_32.png'> <img src='C:\Users\Admin\Desktop\Interest mart\interestsmart\interestsmart\target\surefire-reports\failure_screenshots\TC_10_Verify_MonthlyPayment_RemainingBalance_NegativeScenario_02_10_2020_01_09_32.png' height='100' width='100'/> </a><br/>
</div>
</td>
<td><div><pre>java.lang.AssertionError: The following asserts failed:
	Actual Remaining Balance 986.0 is not equal to Expected Remaining balance 985.0 expected [985.0] but found [986.0],
	Actual Monthly Payment 4.6 is not equal to Expected Monthly Payment 4.77 expected [4.77] but found [4.6]
	at com.qa.interestsmart.pages.SignInToApplication.verifyMonthlypayment(SignInToApplication.java:754)
	at com.qa.interestsmart.tests.TC_10_Verify_MonthlyPayment_RemainingBalance_NegativeScenario.TC_10_Verify_MonthlyPayment_RemainingBalance_NegativeScenario(TC_10_Verify_MonthlyPayment_RemainingBalance_NegativeScenario.java:29)
... Removed 30 stack frames</pre></div><a href='#' onClick='toggleBox("stack-trace217062446", this, "Click to show all stack frames", "Click to hide stack frames")'>Click to show all stack frames</a>
<div class='stack-trace' id='stack-trace217062446'><pre>java.lang.AssertionError: The following asserts failed:
	Actual Remaining Balance 986.0 is not equal to Expected Remaining balance 985.0 expected [985.0] but found [986.0],
	Actual Monthly Payment 4.6 is not equal to Expected Monthly Payment 4.77 expected [4.77] but found [4.6]
	at org.testng.asserts.SoftAssert.assertAll(SoftAssert.java:43)
	at com.qa.interestsmart.pages.SignInToApplication.verifyMonthlypayment(SignInToApplication.java:754)
	at com.qa.interestsmart.tests.TC_10_Verify_MonthlyPayment_RemainingBalance_NegativeScenario.TC_10_Verify_MonthlyPayment_RemainingBalance_NegativeScenario(TC_10_Verify_MonthlyPayment_RemainingBalance_NegativeScenario.java:29)
	at sun.reflect.NativeMethodAccessorImpl.invoke0(Native Method)
	at sun.reflect.NativeMethodAccessorImpl.invoke(NativeMethodAccessorImpl.java:62)
	at sun.reflect.DelegatingMethodAccessorImpl.invoke(DelegatingMethodAccessorImpl.java:43)
	at java.lang.reflect.Method.invoke(Method.java:498)
	at org.testng.internal.MethodInvocationHelper.invokeMethod(MethodInvocationHelper.java:124)
	at org.testng.internal.Invoker.invokeMethod(Invoker.java:583)
	at org.testng.internal.Invoker.invokeTestMethod(Invoker.java:719)
	at org.testng.internal.Invoker.invokeTestMethods(Invoker.java:989)
	at org.testng.internal.TestMethodWorker.invokeTestMethods(TestMethodWorker.java:125)
	at org.testng.internal.TestMethodWorker.run(TestMethodWorker.java:109)
	at org.testng.TestRunner.privateRun(TestRunner.java:648)
	at org.testng.TestRunner.run(TestRunner.java:505)
	at org.testng.SuiteRunner.runTest(SuiteRunner.java:455)
	at org.testng.SuiteRunner.runSequentially(SuiteRunner.java:450)
	at org.testng.SuiteRunner.privateRun(SuiteRunner.java:415)
	at org.testng.SuiteRunner.run(SuiteRunner.java:364)
	at org.testng.SuiteRunnerWorker.runSuite(SuiteRunnerWorker.java:52)
	at org.testng.SuiteRunnerWorker.run(SuiteRunnerWorker.java:84)
	at org.testng.TestNG.runSuitesSequentially(TestNG.java:1208)
	at org.testng.TestNG.runSuitesLocally(TestNG.java:1137)
	at org.testng.TestNG.runSuites(TestNG.java:1049)
	at org.testng.TestNG.run(TestNG.java:1017)
	at org.apache.maven.surefire.testng.TestNGExecutor.run(TestNGExecutor.java:283)
	at org.apache.maven.surefire.testng.TestNGXmlTestSuite.execute(TestNGXmlTestSuite.java:75)
	at org.apache.maven.surefire.testng.TestNGProvider.invoke(TestNGProvider.java:120)
	at org.apache.maven.surefire.booter.ForkedBooter.runSuitesInProcess(ForkedBooter.java:377)
	at org.apache.maven.surefire.booter.ForkedBooter.execute(ForkedBooter.java:138)
	at org.apache.maven.surefire.booter.ForkedBooter.run(ForkedBooter.java:465)
	at org.apache.maven.surefire.booter.ForkedBooter.main(ForkedBooter.java:451)
</pre></div></td>
<td>47</td>
<td>com.qa.interestsmart.tests.TC_10_Verify_MonthlyPayment_RemainingBalance_NegativeScenario@87a85e1</td></tr>
</table><p>
<table width='100%' border='1' class='invocation-passed'>
<tr><td colspan='4' align='center'><b>PASSED TESTS</b></td></tr>
<tr><td><b>Test method</b></td>
<td width="30%"><b>Exception</b></td>
<td width="10%"><b>Time (seconds)</b></td>
<td><b>Instance</b></td>
</tr>
<tr>
<td title='com.qa.interestsmart.tests.TC_02_LoginFacebook_Verify_FirstName_LastName_Logout.TC_01_LoginFacebook_Verify_FirstName_LastName_Logout()'><b>TC_01_LoginFacebook_Verify_FirstName_LastName_Logout</b><br>Test class: com.qa.interestsmart.tests.TC_02_LoginFacebook_Verify_FirstName_LastName_Logout</td>
<td></td>
<td>14</td>
<td>com.qa.interestsmart.tests.TC_02_LoginFacebook_Verify_FirstName_LastName_Logout@71c3b41</td></tr>
<tr>
<td title='com.qa.interestsmart.tests.TC_11_Search_Address_Without_Login_Then_Login.TC_01_Search_Address_Without_Login_Then_Login()'><b>TC_01_Search_Address_Without_Login_Then_Login</b><br>Test class: com.qa.interestsmart.tests.TC_11_Search_Address_Without_Login_Then_Login</td>
<td></td>
<td>54</td>
<td>com.qa.interestsmart.tests.TC_11_Search_Address_Without_Login_Then_Login@157853da</td></tr>
<tr>
<td title='com.qa.interestsmart.tests.TC_03_Login_ValidEmail_ValidPassword.TC_03_Login_ValidEmail_ValidPassword()'><b>TC_03_Login_ValidEmail_ValidPassword</b><br>Test class: com.qa.interestsmart.tests.TC_03_Login_ValidEmail_ValidPassword</td>
<td></td>
<td>12</td>
<td>com.qa.interestsmart.tests.TC_03_Login_ValidEmail_ValidPassword@236e3f4e</td></tr>
<tr>
<td title='com.qa.interestsmart.tests.TC_04_Login_InvalidEmail_ValidPassword.TC_04_Login_InvalidEmail_ValidPassword()'><b>TC_04_Login_InvalidEmail_ValidPassword</b><br>Test class: com.qa.interestsmart.tests.TC_04_Login_InvalidEmail_ValidPassword</td>
<td></td>
<td>12</td>
<td>com.qa.interestsmart.tests.TC_04_Login_InvalidEmail_ValidPassword@3cc1435c</td></tr>
<tr>
<td title='com.qa.interestsmart.tests.TC_05_Login_ValidEmail_InvalidPassword.TC_05_Login_ValidEmail_InvalidPassword()'><b>TC_05_Login_ValidEmail_InvalidPassword</b><br>Test class: com.qa.interestsmart.tests.TC_05_Login_ValidEmail_InvalidPassword</td>
<td></td>
<td>15</td>
<td>com.qa.interestsmart.tests.TC_05_Login_ValidEmail_InvalidPassword@6bf0219d</td></tr>
<tr>
<td title='com.qa.interestsmart.tests.TC_06_InvalidEmail_InvalidPassword.TC_06_InvalidEmail_InvalidPassword()'><b>TC_06_InvalidEmail_InvalidPassword</b><br>Test class: com.qa.interestsmart.tests.TC_06_InvalidEmail_InvalidPassword</td>
<td></td>
<td>15</td>
<td>com.qa.interestsmart.tests.TC_06_InvalidEmail_InvalidPassword@dd0c991</td></tr>
<tr>
<td title='com.qa.interestsmart.tests.TC_07_SearchLoan_ByValidAddress.TC_07_SearchLoan_ByValidAddress()'><b>TC_07_SearchLoan_ByValidAddress</b><br>Test class: com.qa.interestsmart.tests.TC_07_SearchLoan_ByValidAddress</td>
<td></td>
<td>22</td>
<td>com.qa.interestsmart.tests.TC_07_SearchLoan_ByValidAddress@5f16132a</td></tr>
<tr>
<td title='com.qa.interestsmart.tests.TC_09_Verify_MonthlyPayment_RemainingBalance.TC_09_Verify_MonthlyPayment_RemainingBalance()'><b>TC_09_Verify_MonthlyPayment_RemainingBalance</b><br>Test class: com.qa.interestsmart.tests.TC_09_Verify_MonthlyPayment_RemainingBalance</td>
<td></td>
<td>50</td>
<td>com.qa.interestsmart.tests.TC_09_Verify_MonthlyPayment_RemainingBalance@36d585c</td></tr>
<tr>
<td title='com.qa.interestsmart.tests.TC_12_Submit_Loan.TC_12_Submit_Loan()'><b>TC_12_Submit_Loan</b><br>Test class: com.qa.interestsmart.tests.TC_12_Submit_Loan</td>
<td></td>
<td>186</td>
<td>com.qa.interestsmart.tests.TC_12_Submit_Loan@671a5887</td></tr>
</table><p>
</body>
</html>