<?xml version="1.0" encoding="UTF-8"?>
<testng-results skipped="0" failed="2" ignored="0" total="11" passed="9">
  <reporter-output>
    <line>
      <![CDATA[<a href='C:\Users\Admin\Desktop\Interest mart\interestsmart\interestsmart\target\surefire-reports\failure_screenshots\TC_08_SearchLoan_ByInValidAddress_02_10_2020_01_07_33.png'> <img src='C:\Users\Admin\Desktop\Interest mart\interestsmart\interestsmart\target\surefire-reports\failure_screenshots\TC_08_SearchLoan_ByInValidAddress_02_10_2020_01_07_33.png' height='100' width='100'/> </a>]]>
    </line>
    <line>
      <![CDATA[<a href='C:\Users\Admin\Desktop\Interest mart\interestsmart\interestsmart\target\surefire-reports\failure_screenshots\TC_10_Verify_MonthlyPayment_RemainingBalance_NegativeScenario_02_10_2020_01_09_32.png'> <img src='C:\Users\Admin\Desktop\Interest mart\interestsmart\interestsmart\target\surefire-reports\failure_screenshots\TC_10_Verify_MonthlyPayment_RemainingBalance_NegativeScenario_02_10_2020_01_09_32.png' height='100' width='100'/> </a>]]>
    </line>
  </reporter-output>
  <suite name="Interest Smart Test Automtion Regression Suite" duration-ms="551506" started-at="2020-10-01T19:33:37Z" finished-at="2020-10-01T19:42:48Z">
    <groups>
    </groups>
    <test name="Sign In With Username Password Test On Chrome" duration-ms="551506" started-at="2020-10-01T19:33:37Z" finished-at="2020-10-01T19:42:48Z">
      <class name="com.qa.interestsmart.tests.TC_02_LoginFacebook_Verify_FirstName_LastName_Logout">
        <test-method status="PASS" signature="setUp(java.lang.String)[pri:0, instance:com.qa.interestsmart.tests.TC_02_LoginFacebook_Verify_FirstName_LastName_Logout@71c3b41]" name="setUp" is-config="true" duration-ms="8853" started-at="2020-10-01T19:34:40Z" finished-at="2020-10-01T19:34:49Z">
          <params>
            <param index="0">
              <value>
                <![CDATA[chrome]]>
              </value>
            </param>
          </params>
          <reporter-output>
          </reporter-output>
        </test-method> <!-- setUp -->
        <test-method status="PASS" signature="TC_01_LoginFacebook_Verify_FirstName_LastName_Logout()[pri:0, instance:com.qa.interestsmart.tests.TC_02_LoginFacebook_Verify_FirstName_LastName_Logout@71c3b41]" name="TC_01_LoginFacebook_Verify_FirstName_LastName_Logout" duration-ms="14336" started-at="2020-10-01T19:34:49Z" finished-at="2020-10-01T19:35:04Z">
          <reporter-output>
          </reporter-output>
        </test-method> <!-- TC_01_LoginFacebook_Verify_FirstName_LastName_Logout -->
        <test-method status="PASS" signature="tearDown()[pri:0, instance:com.qa.interestsmart.tests.TC_02_LoginFacebook_Verify_FirstName_LastName_Logout@71c3b41]" name="tearDown" is-config="true" duration-ms="0" started-at="2020-10-01T19:35:04Z" finished-at="2020-10-01T19:35:04Z">
          <reporter-output>
          </reporter-output>
        </test-method> <!-- tearDown -->
      </class> <!-- com.qa.interestsmart.tests.TC_02_LoginFacebook_Verify_FirstName_LastName_Logout -->
      <class name="com.qa.interestsmart.tests.TC_09_Verify_MonthlyPayment_RemainingBalance">
        <test-method status="PASS" signature="setUp(java.lang.String)[pri:0, instance:com.qa.interestsmart.tests.TC_09_Verify_MonthlyPayment_RemainingBalance@36d585c]" name="setUp" is-config="true" duration-ms="9678" started-at="2020-10-01T19:37:34Z" finished-at="2020-10-01T19:37:44Z">
          <params>
            <param index="0">
              <value>
                <![CDATA[chrome]]>
              </value>
            </param>
          </params>
          <reporter-output>
          </reporter-output>
        </test-method> <!-- setUp -->
        <test-method status="PASS" signature="TC_09_Verify_MonthlyPayment_RemainingBalance()[pri:0, instance:com.qa.interestsmart.tests.TC_09_Verify_MonthlyPayment_RemainingBalance@36d585c]" name="TC_09_Verify_MonthlyPayment_RemainingBalance" duration-ms="50589" started-at="2020-10-01T19:37:44Z" finished-at="2020-10-01T19:38:34Z">
          <reporter-output>
          </reporter-output>
        </test-method> <!-- TC_09_Verify_MonthlyPayment_RemainingBalance -->
        <test-method status="PASS" signature="tearDown()[pri:0, instance:com.qa.interestsmart.tests.TC_09_Verify_MonthlyPayment_RemainingBalance@36d585c]" name="tearDown" is-config="true" duration-ms="0" started-at="2020-10-01T19:38:34Z" finished-at="2020-10-01T19:38:34Z">
          <reporter-output>
          </reporter-output>
        </test-method> <!-- tearDown -->
      </class> <!-- com.qa.interestsmart.tests.TC_09_Verify_MonthlyPayment_RemainingBalance -->
      <class name="com.qa.interestsmart.tests.TC_12_Submit_Loan">
        <test-method status="PASS" signature="setUp(java.lang.String)[pri:0, instance:com.qa.interestsmart.tests.TC_12_Submit_Loan@671a5887]" name="setUp" is-config="true" duration-ms="8555" started-at="2020-10-01T19:39:33Z" finished-at="2020-10-01T19:39:41Z">
          <params>
            <param index="0">
              <value>
                <![CDATA[chrome]]>
              </value>
            </param>
          </params>
          <reporter-output>
          </reporter-output>
        </test-method> <!-- setUp -->
        <test-method status="PASS" signature="TC_12_Submit_Loan()[pri:0, instance:com.qa.interestsmart.tests.TC_12_Submit_Loan@671a5887]" name="TC_12_Submit_Loan" duration-ms="186933" started-at="2020-10-01T19:39:41Z" finished-at="2020-10-01T19:42:48Z">
          <reporter-output>
          </reporter-output>
        </test-method> <!-- TC_12_Submit_Loan -->
        <test-method status="PASS" signature="tearDown()[pri:0, instance:com.qa.interestsmart.tests.TC_12_Submit_Loan@671a5887]" name="tearDown" is-config="true" duration-ms="0" started-at="2020-10-01T19:42:48Z" finished-at="2020-10-01T19:42:48Z">
          <reporter-output>
          </reporter-output>
        </test-method> <!-- tearDown -->
      </class> <!-- com.qa.interestsmart.tests.TC_12_Submit_Loan -->
      <class name="com.qa.interestsmart.tests.TC_05_Login_ValidEmail_InvalidPassword">
        <test-method status="PASS" signature="setUp(java.lang.String)[pri:0, instance:com.qa.interestsmart.tests.TC_05_Login_ValidEmail_InvalidPassword@6bf0219d]" name="setUp" is-config="true" duration-ms="8662" started-at="2020-10-01T19:35:45Z" finished-at="2020-10-01T19:35:54Z">
          <params>
            <param index="0">
              <value>
                <![CDATA[chrome]]>
              </value>
            </param>
          </params>
          <reporter-output>
          </reporter-output>
        </test-method> <!-- setUp -->
        <test-method status="PASS" signature="TC_05_Login_ValidEmail_InvalidPassword()[pri:0, instance:com.qa.interestsmart.tests.TC_05_Login_ValidEmail_InvalidPassword@6bf0219d]" name="TC_05_Login_ValidEmail_InvalidPassword" duration-ms="15926" started-at="2020-10-01T19:35:54Z" finished-at="2020-10-01T19:36:10Z">
          <reporter-output>
          </reporter-output>
        </test-method> <!-- TC_05_Login_ValidEmail_InvalidPassword -->
        <test-method status="PASS" signature="tearDown()[pri:0, instance:com.qa.interestsmart.tests.TC_05_Login_ValidEmail_InvalidPassword@6bf0219d]" name="tearDown" is-config="true" duration-ms="0" started-at="2020-10-01T19:36:10Z" finished-at="2020-10-01T19:36:10Z">
          <reporter-output>
          </reporter-output>
        </test-method> <!-- tearDown -->
      </class> <!-- com.qa.interestsmart.tests.TC_05_Login_ValidEmail_InvalidPassword -->
      <class name="com.qa.interestsmart.tests.TC_08_SearchLoan_ByInValidAddress">
        <test-method status="PASS" signature="setUp(java.lang.String)[pri:0, instance:com.qa.interestsmart.tests.TC_08_SearchLoan_ByInValidAddress@69fb6037]" name="setUp" is-config="true" duration-ms="8368" started-at="2020-10-01T19:37:04Z" finished-at="2020-10-01T19:37:13Z">
          <params>
            <param index="0">
              <value>
                <![CDATA[chrome]]>
              </value>
            </param>
          </params>
          <reporter-output>
          </reporter-output>
        </test-method> <!-- setUp -->
        <test-method status="FAIL" signature="TC_08_SearchLoan_ByInValidAddress()[pri:0, instance:com.qa.interestsmart.tests.TC_08_SearchLoan_ByInValidAddress@69fb6037]" name="TC_08_SearchLoan_ByInValidAddress" duration-ms="20762" started-at="2020-10-01T19:37:13Z" finished-at="2020-10-01T19:37:33Z">
          <exception class="java.lang.AssertionError">
            <message>
              <![CDATA[The following asserts failed:
expected [We found your mortgage data!] but found []]]>
            </message>
            <full-stacktrace>
              <![CDATA[java.lang.AssertionError: The following asserts failed:
expected [We found your mortgage data!] but found []
at org.testng.asserts.SoftAssert.assertAll(SoftAssert.java:43)
at com.qa.interestsmart.pages.SignInToApplication.checkLoanByEnteringAddress(SignInToApplication.java:541)
at com.qa.interestsmart.tests.TC_08_SearchLoan_ByInValidAddress.TC_08_SearchLoan_ByInValidAddress(TC_08_SearchLoan_ByInValidAddress.java:17)
at sun.reflect.NativeMethodAccessorImpl.invoke0(Native Method)
at sun.reflect.NativeMethodAccessorImpl.invoke(NativeMethodAccessorImpl.java:62)
at sun.reflect.DelegatingMethodAccessorImpl.invoke(DelegatingMethodAccessorImpl.java:43)
at java.lang.reflect.Method.invoke(Method.java:498)
at org.testng.internal.MethodInvocationHelper.invokeMethod(MethodInvocationHelper.java:124)
at org.testng.internal.Invoker.invokeMethod(Invoker.java:583)
at org.testng.internal.Invoker.invokeTestMethod(Invoker.java:719)
at org.testng.internal.Invoker.invokeTestMethods(Invoker.java:989)
at org.testng.internal.TestMethodWorker.invokeTestMethods(TestMethodWorker.java:125)
at org.testng.internal.TestMethodWorker.run(TestMethodWorker.java:109)
at org.testng.TestRunner.privateRun(TestRunner.java:648)
at org.testng.TestRunner.run(TestRunner.java:505)
at org.testng.SuiteRunner.runTest(SuiteRunner.java:455)
at org.testng.SuiteRunner.runSequentially(SuiteRunner.java:450)
at org.testng.SuiteRunner.privateRun(SuiteRunner.java:415)
at org.testng.SuiteRunner.run(SuiteRunner.java:364)
at org.testng.SuiteRunnerWorker.runSuite(SuiteRunnerWorker.java:52)
at org.testng.SuiteRunnerWorker.run(SuiteRunnerWorker.java:84)
at org.testng.TestNG.runSuitesSequentially(TestNG.java:1208)
at org.testng.TestNG.runSuitesLocally(TestNG.java:1137)
at org.testng.TestNG.runSuites(TestNG.java:1049)
at org.testng.TestNG.run(TestNG.java:1017)
at org.apache.maven.surefire.testng.TestNGExecutor.run(TestNGExecutor.java:283)
at org.apache.maven.surefire.testng.TestNGXmlTestSuite.execute(TestNGXmlTestSuite.java:75)
at org.apache.maven.surefire.testng.TestNGProvider.invoke(TestNGProvider.java:120)
at org.apache.maven.surefire.booter.ForkedBooter.runSuitesInProcess(ForkedBooter.java:377)
at org.apache.maven.surefire.booter.ForkedBooter.execute(ForkedBooter.java:138)
at org.apache.maven.surefire.booter.ForkedBooter.run(ForkedBooter.java:465)
at org.apache.maven.surefire.booter.ForkedBooter.main(ForkedBooter.java:451)
]]>
            </full-stacktrace>
          </exception> <!-- java.lang.AssertionError -->
          <reporter-output>
            <line>
              <![CDATA[<a href='C:\Users\Admin\Desktop\Interest mart\interestsmart\interestsmart\target\surefire-reports\failure_screenshots\TC_08_SearchLoan_ByInValidAddress_02_10_2020_01_07_33.png'> <img src='C:\Users\Admin\Desktop\Interest mart\interestsmart\interestsmart\target\surefire-reports\failure_screenshots\TC_08_SearchLoan_ByInValidAddress_02_10_2020_01_07_33.png' height='100' width='100'/> </a>]]>
            </line>
          </reporter-output>
        </test-method> <!-- TC_08_SearchLoan_ByInValidAddress -->
        <test-method status="PASS" signature="tearDown()[pri:0, instance:com.qa.interestsmart.tests.TC_08_SearchLoan_ByInValidAddress@69fb6037]" name="tearDown" is-config="true" duration-ms="0" started-at="2020-10-01T19:37:34Z" finished-at="2020-10-01T19:37:34Z">
          <reporter-output>
          </reporter-output>
        </test-method> <!-- tearDown -->
      </class> <!-- com.qa.interestsmart.tests.TC_08_SearchLoan_ByInValidAddress -->
      <class name="com.qa.interestsmart.tests.TC_06_InvalidEmail_InvalidPassword">
        <test-method status="PASS" signature="setUp(java.lang.String)[pri:0, instance:com.qa.interestsmart.tests.TC_06_InvalidEmail_InvalidPassword@dd0c991]" name="setUp" is-config="true" duration-ms="8265" started-at="2020-10-01T19:36:10Z" finished-at="2020-10-01T19:36:18Z">
          <params>
            <param index="0">
              <value>
                <![CDATA[chrome]]>
              </value>
            </param>
          </params>
          <reporter-output>
          </reporter-output>
        </test-method> <!-- setUp -->
        <test-method status="PASS" signature="TC_06_InvalidEmail_InvalidPassword()[pri:0, instance:com.qa.interestsmart.tests.TC_06_InvalidEmail_InvalidPassword@dd0c991]" name="TC_06_InvalidEmail_InvalidPassword" duration-ms="15978" started-at="2020-10-01T19:36:18Z" finished-at="2020-10-01T19:36:34Z">
          <reporter-output>
          </reporter-output>
        </test-method> <!-- TC_06_InvalidEmail_InvalidPassword -->
        <test-method status="PASS" signature="tearDown()[pri:0, instance:com.qa.interestsmart.tests.TC_06_InvalidEmail_InvalidPassword@dd0c991]" name="tearDown" is-config="true" duration-ms="1" started-at="2020-10-01T19:36:34Z" finished-at="2020-10-01T19:36:34Z">
          <reporter-output>
          </reporter-output>
        </test-method> <!-- tearDown -->
      </class> <!-- com.qa.interestsmart.tests.TC_06_InvalidEmail_InvalidPassword -->
      <class name="com.qa.interestsmart.tests.TC_03_Login_ValidEmail_ValidPassword">
        <test-method status="PASS" signature="setUp(java.lang.String)[pri:0, instance:com.qa.interestsmart.tests.TC_03_Login_ValidEmail_ValidPassword@236e3f4e]" name="setUp" is-config="true" duration-ms="8125" started-at="2020-10-01T19:35:04Z" finished-at="2020-10-01T19:35:12Z">
          <params>
            <param index="0">
              <value>
                <![CDATA[chrome]]>
              </value>
            </param>
          </params>
          <reporter-output>
          </reporter-output>
        </test-method> <!-- setUp -->
        <test-method status="PASS" signature="TC_03_Login_ValidEmail_ValidPassword()[pri:0, instance:com.qa.interestsmart.tests.TC_03_Login_ValidEmail_ValidPassword@236e3f4e]" name="TC_03_Login_ValidEmail_ValidPassword" duration-ms="12415" started-at="2020-10-01T19:35:12Z" finished-at="2020-10-01T19:35:24Z">
          <reporter-output>
          </reporter-output>
        </test-method> <!-- TC_03_Login_ValidEmail_ValidPassword -->
        <test-method status="PASS" signature="tearDown()[pri:0, instance:com.qa.interestsmart.tests.TC_03_Login_ValidEmail_ValidPassword@236e3f4e]" name="tearDown" is-config="true" duration-ms="1" started-at="2020-10-01T19:35:24Z" finished-at="2020-10-01T19:35:24Z">
          <reporter-output>
          </reporter-output>
        </test-method> <!-- tearDown -->
      </class> <!-- com.qa.interestsmart.tests.TC_03_Login_ValidEmail_ValidPassword -->
      <class name="com.qa.interestsmart.tests.TC_07_SearchLoan_ByValidAddress">
        <test-method status="PASS" signature="setUp(java.lang.String)[pri:0, instance:com.qa.interestsmart.tests.TC_07_SearchLoan_ByValidAddress@5f16132a]" name="setUp" is-config="true" duration-ms="7981" started-at="2020-10-01T19:36:34Z" finished-at="2020-10-01T19:36:42Z">
          <params>
            <param index="0">
              <value>
                <![CDATA[chrome]]>
              </value>
            </param>
          </params>
          <reporter-output>
          </reporter-output>
        </test-method> <!-- setUp -->
        <test-method status="PASS" signature="TC_07_SearchLoan_ByValidAddress()[pri:0, instance:com.qa.interestsmart.tests.TC_07_SearchLoan_ByValidAddress@5f16132a]" name="TC_07_SearchLoan_ByValidAddress" duration-ms="22439" started-at="2020-10-01T19:36:42Z" finished-at="2020-10-01T19:37:04Z">
          <reporter-output>
          </reporter-output>
        </test-method> <!-- TC_07_SearchLoan_ByValidAddress -->
        <test-method status="PASS" signature="tearDown()[pri:0, instance:com.qa.interestsmart.tests.TC_07_SearchLoan_ByValidAddress@5f16132a]" name="tearDown" is-config="true" duration-ms="0" started-at="2020-10-01T19:37:04Z" finished-at="2020-10-01T19:37:04Z">
          <reporter-output>
          </reporter-output>
        </test-method> <!-- tearDown -->
      </class> <!-- com.qa.interestsmart.tests.TC_07_SearchLoan_ByValidAddress -->
      <class name="com.qa.interestsmart.tests.TC_04_Login_InvalidEmail_ValidPassword">
        <test-method status="PASS" signature="setUp(java.lang.String)[pri:0, instance:com.qa.interestsmart.tests.TC_04_Login_InvalidEmail_ValidPassword@3cc1435c]" name="setUp" is-config="true" duration-ms="8022" started-at="2020-10-01T19:35:24Z" finished-at="2020-10-01T19:35:32Z">
          <params>
            <param index="0">
              <value>
                <![CDATA[chrome]]>
              </value>
            </param>
          </params>
          <reporter-output>
          </reporter-output>
        </test-method> <!-- setUp -->
        <test-method status="PASS" signature="TC_04_Login_InvalidEmail_ValidPassword()[pri:0, instance:com.qa.interestsmart.tests.TC_04_Login_InvalidEmail_ValidPassword@3cc1435c]" name="TC_04_Login_InvalidEmail_ValidPassword" duration-ms="12789" started-at="2020-10-01T19:35:32Z" finished-at="2020-10-01T19:35:45Z">
          <reporter-output>
          </reporter-output>
        </test-method> <!-- TC_04_Login_InvalidEmail_ValidPassword -->
        <test-method status="PASS" signature="tearDown()[pri:0, instance:com.qa.interestsmart.tests.TC_04_Login_InvalidEmail_ValidPassword@3cc1435c]" name="tearDown" is-config="true" duration-ms="0" started-at="2020-10-01T19:35:45Z" finished-at="2020-10-01T19:35:45Z">
          <reporter-output>
          </reporter-output>
        </test-method> <!-- tearDown -->
      </class> <!-- com.qa.interestsmart.tests.TC_04_Login_InvalidEmail_ValidPassword -->
      <class name="com.qa.interestsmart.tests.TC_11_Search_Address_Without_Login_Then_Login">
        <test-method status="PASS" signature="setUp(java.lang.String)[pri:0, instance:com.qa.interestsmart.tests.TC_11_Search_Address_Without_Login_Then_Login@157853da]" name="setUp" is-config="true" duration-ms="9246" started-at="2020-10-01T19:33:37Z" finished-at="2020-10-01T19:33:46Z">
          <params>
            <param index="0">
              <value>
                <![CDATA[chrome]]>
              </value>
            </param>
          </params>
          <reporter-output>
          </reporter-output>
        </test-method> <!-- setUp -->
        <test-method status="PASS" signature="TC_01_Search_Address_Without_Login_Then_Login()[pri:0, instance:com.qa.interestsmart.tests.TC_11_Search_Address_Without_Login_Then_Login@157853da]" name="TC_01_Search_Address_Without_Login_Then_Login" duration-ms="54421" started-at="2020-10-01T19:33:46Z" finished-at="2020-10-01T19:34:40Z">
          <reporter-output>
          </reporter-output>
        </test-method> <!-- TC_01_Search_Address_Without_Login_Then_Login -->
        <test-method status="PASS" signature="tearDown()[pri:0, instance:com.qa.interestsmart.tests.TC_11_Search_Address_Without_Login_Then_Login@157853da]" name="tearDown" is-config="true" duration-ms="0" started-at="2020-10-01T19:34:40Z" finished-at="2020-10-01T19:34:40Z">
          <reporter-output>
          </reporter-output>
        </test-method> <!-- tearDown -->
      </class> <!-- com.qa.interestsmart.tests.TC_11_Search_Address_Without_Login_Then_Login -->
      <class name="com.qa.interestsmart.tests.TC_10_Verify_MonthlyPayment_RemainingBalance_NegativeScenario">
        <test-method status="PASS" signature="setUp(java.lang.String)[pri:0, instance:com.qa.interestsmart.tests.TC_10_Verify_MonthlyPayment_RemainingBalance_NegativeScenario@87a85e1]" name="setUp" is-config="true" duration-ms="9891" started-at="2020-10-01T19:38:34Z" finished-at="2020-10-01T19:38:44Z">
          <params>
            <param index="0">
              <value>
                <![CDATA[chrome]]>
              </value>
            </param>
          </params>
          <reporter-output>
          </reporter-output>
        </test-method> <!-- setUp -->
        <test-method status="FAIL" signature="TC_10_Verify_MonthlyPayment_RemainingBalance_NegativeScenario()[pri:0, instance:com.qa.interestsmart.tests.TC_10_Verify_MonthlyPayment_RemainingBalance_NegativeScenario@87a85e1]" name="TC_10_Verify_MonthlyPayment_RemainingBalance_NegativeScenario" duration-ms="47854" started-at="2020-10-01T19:38:44Z" finished-at="2020-10-01T19:39:32Z">
          <exception class="java.lang.AssertionError">
            <message>
              <![CDATA[The following asserts failed:
Actual Remaining Balance 986.0 is not equal to Expected Remaining balance 985.0 expected [985.0] but found [986.0],
Actual Monthly Payment 4.6 is not equal to Expected Monthly Payment 4.77 expected [4.77] but found [4.6]]]>
            </message>
            <full-stacktrace>
              <![CDATA[java.lang.AssertionError: The following asserts failed:
Actual Remaining Balance 986.0 is not equal to Expected Remaining balance 985.0 expected [985.0] but found [986.0],
Actual Monthly Payment 4.6 is not equal to Expected Monthly Payment 4.77 expected [4.77] but found [4.6]
at org.testng.asserts.SoftAssert.assertAll(SoftAssert.java:43)
at com.qa.interestsmart.pages.SignInToApplication.verifyMonthlypayment(SignInToApplication.java:754)
at com.qa.interestsmart.tests.TC_10_Verify_MonthlyPayment_RemainingBalance_NegativeScenario.TC_10_Verify_MonthlyPayment_RemainingBalance_NegativeScenario(TC_10_Verify_MonthlyPayment_RemainingBalance_NegativeScenario.java:29)
at sun.reflect.NativeMethodAccessorImpl.invoke0(Native Method)
at sun.reflect.NativeMethodAccessorImpl.invoke(NativeMethodAccessorImpl.java:62)
at sun.reflect.DelegatingMethodAccessorImpl.invoke(DelegatingMethodAccessorImpl.java:43)
at java.lang.reflect.Method.invoke(Method.java:498)
at org.testng.internal.MethodInvocationHelper.invokeMethod(MethodInvocationHelper.java:124)
at org.testng.internal.Invoker.invokeMethod(Invoker.java:583)
at org.testng.internal.Invoker.invokeTestMethod(Invoker.java:719)
at org.testng.internal.Invoker.invokeTestMethods(Invoker.java:989)
at org.testng.internal.TestMethodWorker.invokeTestMethods(TestMethodWorker.java:125)
at org.testng.internal.TestMethodWorker.run(TestMethodWorker.java:109)
at org.testng.TestRunner.privateRun(TestRunner.java:648)
at org.testng.TestRunner.run(TestRunner.java:505)
at org.testng.SuiteRunner.runTest(SuiteRunner.java:455)
at org.testng.SuiteRunner.runSequentially(SuiteRunner.java:450)
at org.testng.SuiteRunner.privateRun(SuiteRunner.java:415)
at org.testng.SuiteRunner.run(SuiteRunner.java:364)
at org.testng.SuiteRunnerWorker.runSuite(SuiteRunnerWorker.java:52)
at org.testng.SuiteRunnerWorker.run(SuiteRunnerWorker.java:84)
at org.testng.TestNG.runSuitesSequentially(TestNG.java:1208)
at org.testng.TestNG.runSuitesLocally(TestNG.java:1137)
at org.testng.TestNG.runSuites(TestNG.java:1049)
at org.testng.TestNG.run(TestNG.java:1017)
at org.apache.maven.surefire.testng.TestNGExecutor.run(TestNGExecutor.java:283)
at org.apache.maven.surefire.testng.TestNGXmlTestSuite.execute(TestNGXmlTestSuite.java:75)
at org.apache.maven.surefire.testng.TestNGProvider.invoke(TestNGProvider.java:120)
at org.apache.maven.surefire.booter.ForkedBooter.runSuitesInProcess(ForkedBooter.java:377)
at org.apache.maven.surefire.booter.ForkedBooter.execute(ForkedBooter.java:138)
at org.apache.maven.surefire.booter.ForkedBooter.run(ForkedBooter.java:465)
at org.apache.maven.surefire.booter.ForkedBooter.main(ForkedBooter.java:451)
]]>
            </full-stacktrace>
          </exception> <!-- java.lang.AssertionError -->
          <reporter-output>
            <line>
              <![CDATA[<a href='C:\Users\Admin\Desktop\Interest mart\interestsmart\interestsmart\target\surefire-reports\failure_screenshots\TC_10_Verify_MonthlyPayment_RemainingBalance_NegativeScenario_02_10_2020_01_09_32.png'> <img src='C:\Users\Admin\Desktop\Interest mart\interestsmart\interestsmart\target\surefire-reports\failure_screenshots\TC_10_Verify_MonthlyPayment_RemainingBalance_NegativeScenario_02_10_2020_01_09_32.png' height='100' width='100'/> </a>]]>
            </line>
          </reporter-output>
        </test-method> <!-- TC_10_Verify_MonthlyPayment_RemainingBalance_NegativeScenario -->
        <test-method status="PASS" signature="tearDown()[pri:0, instance:com.qa.interestsmart.tests.TC_10_Verify_MonthlyPayment_RemainingBalance_NegativeScenario@87a85e1]" name="tearDown" is-config="true" duration-ms="0" started-at="2020-10-01T19:39:33Z" finished-at="2020-10-01T19:39:33Z">
          <reporter-output>
          </reporter-output>
        </test-method> <!-- tearDown -->
      </class> <!-- com.qa.interestsmart.tests.TC_10_Verify_MonthlyPayment_RemainingBalance_NegativeScenario -->
    </test> <!-- Sign In With Username Password Test On Chrome -->
  </suite> <!-- Interest Smart Test Automtion Regression Suite -->
</testng-results>
