<?xml version="1.0" encoding="UTF-8"?>
<!-- Generated by org.testng.reporters.JUnitXMLReporter -->
<testsuite hostname="Sarang-Notebook" ignored="0" name="Landing Page Test On Edge" tests="2" failures="1" timestamp="10 Sep 2020 15:10:51 GMT" time="4.158" errors="0">
  <testcase name="@BeforeMethod setUp" time="4.111" classname="com.qa.interestsmart.base.BaseTest">
    <failure type="org.openqa.selenium.WebDriverException" message="unknown error: MSEdge failed to start: exited normally.
  (unknown error: DevToolsActivePort file doesn&amp;apos;t exist)
  (The process started from msedge location C:\Program Files (x86)\Microsoft\Edge\Application\msedge.exe is no longer running, so MSEdgeDriver is assuming that MSEdge has crashed.)
Build info: version: &amp;apos;3.141.59&amp;apos;, revision: &amp;apos;e82be7d358&amp;apos;, time: &amp;apos;2018-11-14T08:17:03&amp;apos;
System info: host: &amp;apos;SARANG-NOTEBOOK&amp;apos;, ip: &amp;apos;192.168.56.1&amp;apos;, os.name: &amp;apos;Windows 10&amp;apos;, os.arch: &amp;apos;amd64&amp;apos;, os.version: &amp;apos;10.0&amp;apos;, java.version: &amp;apos;1.8.0_191&amp;apos;
Driver info: driver.version: EdgeDriver
remote stacktrace: Backtrace:
	Ordinal0 [0x00007FF78BE48F72+4099954]
	Ordinal0 [0x00007FF78BD1E439+2876473]
	Ordinal0 [0x00007FF78BB90227+1245735]
	Ordinal0 [0x00007FF78BAE2EA9+536233]
	Ordinal0 [0x00007FF78BADBDB8+507320]
	Ordinal0 [0x00007FF78BB0DA73+711283]
	Ordinal0 [0x00007FF78BB0B05F+700511]
	Ordinal0 [0x00007FF78BAE74B3+554163]
	Ordinal0 [0x00007FF78BAE824E+557646]
	Ordinal0 [0x00007FF78BD3AA66+2992742]
	GetHandleVerifier [0x00007FF78BF8B5D3+1202179]
	GetHandleVerifier [0x00007FF78BFA0371+1287585]
	GetHandleVerifier [0x00007FF78BF8C227+1205335]
	Ordinal0 [0x00007FF78BD2F3A1+2945953]
	Ordinal0 [0x00007FF78BD3C8A9+3000489]
	Ordinal0 [0x00007FF78BD514D8+3085528]
	BaseThreadInitThunk [0x00007FFEA81B7BD4+20]
	RtlUserThreadStart [0x00007FFEA830CE51+33]
">
      <![CDATA[org.openqa.selenium.WebDriverException: unknown error: MSEdge failed to start: exited normally.
  (unknown error: DevToolsActivePort file doesn't exist)
  (The process started from msedge location C:\Program Files (x86)\Microsoft\Edge\Application\msedge.exe is no longer running, so MSEdgeDriver is assuming that MSEdge has crashed.)
Build info: version: '3.141.59', revision: 'e82be7d358', time: '2018-11-14T08:17:03'
System info: host: 'SARANG-NOTEBOOK', ip: '192.168.56.1', os.name: 'Windows 10', os.arch: 'amd64', os.version: '10.0', java.version: '1.8.0_191'
Driver info: driver.version: EdgeDriver
remote stacktrace: Backtrace:
Ordinal0 [0x00007FF78BE48F72+4099954]
Ordinal0 [0x00007FF78BD1E439+2876473]
Ordinal0 [0x00007FF78BB90227+1245735]
Ordinal0 [0x00007FF78BAE2EA9+536233]
Ordinal0 [0x00007FF78BADBDB8+507320]
Ordinal0 [0x00007FF78BB0DA73+711283]
Ordinal0 [0x00007FF78BB0B05F+700511]
Ordinal0 [0x00007FF78BAE74B3+554163]
Ordinal0 [0x00007FF78BAE824E+557646]
Ordinal0 [0x00007FF78BD3AA66+2992742]
GetHandleVerifier [0x00007FF78BF8B5D3+1202179]
GetHandleVerifier [0x00007FF78BFA0371+1287585]
GetHandleVerifier [0x00007FF78BF8C227+1205335]
Ordinal0 [0x00007FF78BD2F3A1+2945953]
Ordinal0 [0x00007FF78BD3C8A9+3000489]
Ordinal0 [0x00007FF78BD514D8+3085528]
BaseThreadInitThunk [0x00007FFEA81B7BD4+20]
RtlUserThreadStart [0x00007FFEA830CE51+33]

at sun.reflect.NativeConstructorAccessorImpl.newInstance0(Native Method)
at sun.reflect.NativeConstructorAccessorImpl.newInstance(Unknown Source)
at sun.reflect.DelegatingConstructorAccessorImpl.newInstance(Unknown Source)
at java.lang.reflect.Constructor.newInstance(Unknown Source)
at org.openqa.selenium.remote.W3CHandshakeResponse.lambda$errorHandler$0(W3CHandshakeResponse.java:62)
at org.openqa.selenium.remote.HandshakeResponse.lambda$getResponseFunction$0(HandshakeResponse.java:30)
at org.openqa.selenium.remote.ProtocolHandshake.lambda$createSession$0(ProtocolHandshake.java:126)
at java.util.stream.ReferencePipeline$3$1.accept(Unknown Source)
at java.util.Spliterators$ArraySpliterator.tryAdvance(Unknown Source)
at java.util.stream.ReferencePipeline.forEachWithCancel(Unknown Source)
at java.util.stream.AbstractPipeline.copyIntoWithCancel(Unknown Source)
at java.util.stream.AbstractPipeline.copyInto(Unknown Source)
at java.util.stream.AbstractPipeline.wrapAndCopyInto(Unknown Source)
at java.util.stream.FindOps$FindOp.evaluateSequential(Unknown Source)
at java.util.stream.AbstractPipeline.evaluate(Unknown Source)
at java.util.stream.ReferencePipeline.findFirst(Unknown Source)
at org.openqa.selenium.remote.ProtocolHandshake.createSession(ProtocolHandshake.java:128)
at org.openqa.selenium.remote.ProtocolHandshake.createSession(ProtocolHandshake.java:74)
at org.openqa.selenium.remote.HttpCommandExecutor.execute(HttpCommandExecutor.java:136)
at org.openqa.selenium.remote.service.DriverCommandExecutor.execute(DriverCommandExecutor.java:83)
at org.openqa.selenium.remote.RemoteWebDriver.execute(RemoteWebDriver.java:552)
at org.openqa.selenium.remote.RemoteWebDriver.startSession(RemoteWebDriver.java:213)
at org.openqa.selenium.remote.RemoteWebDriver.<init>(RemoteWebDriver.java:131)
at org.openqa.selenium.edge.EdgeDriver.<init>(EdgeDriver.java:141)
at org.openqa.selenium.edge.EdgeDriver.<init>(EdgeDriver.java:96)
at com.qa.interestsmart.base.BasePage.init_driver(BasePage.java:70)
at com.qa.interestsmart.base.BaseTest.setUp(BaseTest.java:34)
at sun.reflect.NativeMethodAccessorImpl.invoke0(Native Method)
at sun.reflect.NativeMethodAccessorImpl.invoke(Unknown Source)
at sun.reflect.DelegatingMethodAccessorImpl.invoke(Unknown Source)
at java.lang.reflect.Method.invoke(Unknown Source)
at org.testng.internal.MethodInvocationHelper.invokeMethod(MethodInvocationHelper.java:124)
at org.testng.internal.MethodInvocationHelper.invokeMethodConsideringTimeout(MethodInvocationHelper.java:59)
at org.testng.internal.Invoker.invokeConfigurationMethod(Invoker.java:458)
at org.testng.internal.Invoker.invokeConfigurations(Invoker.java:222)
at org.testng.internal.Invoker.invokeMethod(Invoker.java:523)
at org.testng.internal.Invoker.invokeTestMethod(Invoker.java:719)
at org.testng.internal.Invoker.invokeTestMethods(Invoker.java:989)
at org.testng.internal.TestMethodWorker.invokeTestMethods(TestMethodWorker.java:125)
at org.testng.internal.TestMethodWorker.run(TestMethodWorker.java:109)
at org.testng.TestRunner.privateRun(TestRunner.java:648)
at org.testng.TestRunner.run(TestRunner.java:505)
at org.testng.SuiteRunner.runTest(SuiteRunner.java:455)
at org.testng.SuiteRunner.access$000(SuiteRunner.java:40)
at org.testng.SuiteRunner$SuiteWorker.run(SuiteRunner.java:489)
at org.testng.internal.thread.ThreadUtil$1.call(ThreadUtil.java:52)
at java.util.concurrent.FutureTask.run(Unknown Source)
at java.util.concurrent.ThreadPoolExecutor.runWorker(Unknown Source)
at java.util.concurrent.ThreadPoolExecutor$Worker.run(Unknown Source)
at java.lang.Thread.run(Unknown Source)
]]>
    </failure>
  </testcase> <!-- @BeforeMethod setUp -->
  <testcase name="tc_01_check_sign_in_button_on_landing_page_is_redirecting_sign_in_page" time="0.0" classname="com.qa.interestsmart.tests.SignInPageTest">
    <skipped/>
  </testcase> <!-- tc_01_check_sign_in_button_on_landing_page_is_redirecting_sign_in_page -->
  <testcase name="tc_01_check_sign_in_button_on_landing_page_is_redirecting_sign_in_page" time="4.141" classname="com.qa.interestsmart.tests.SignInPageTest">
    <failure type="java.lang.NullPointerException">
      <![CDATA[java.lang.NullPointerException
at com.qa.interestsmart.base.BasePage.getScreenshot(BasePage.java:154)
at com.qa.interestsmart.listeners.ExtentReportListener.onTestSkipped(ExtentReportListener.java:126)
at org.testng.internal.TestListenerHelper.runTestListeners(TestListenerHelper.java:61)
at org.testng.internal.Invoker.runTestListeners(Invoker.java:1389)
at org.testng.internal.Invoker.registerSkippedTestResult(Invoker.java:1063)
at org.testng.internal.Invoker.invokeMethod(Invoker.java:529)
at org.testng.internal.Invoker.invokeTestMethod(Invoker.java:719)
at org.testng.internal.Invoker.invokeTestMethods(Invoker.java:989)
at org.testng.internal.TestMethodWorker.invokeTestMethods(TestMethodWorker.java:125)
at org.testng.internal.TestMethodWorker.run(TestMethodWorker.java:109)
at org.testng.TestRunner.privateRun(TestRunner.java:648)
at org.testng.TestRunner.run(TestRunner.java:505)
at org.testng.SuiteRunner.runTest(SuiteRunner.java:455)
at org.testng.SuiteRunner.access$000(SuiteRunner.java:40)
at org.testng.SuiteRunner$SuiteWorker.run(SuiteRunner.java:489)
at org.testng.internal.thread.ThreadUtil$1.call(ThreadUtil.java:52)
at java.util.concurrent.FutureTask.run(Unknown Source)
at java.util.concurrent.ThreadPoolExecutor.runWorker(Unknown Source)
at java.util.concurrent.ThreadPoolExecutor$Worker.run(Unknown Source)
at java.lang.Thread.run(Unknown Source)
]]>
    </failure>
  </testcase> <!-- tc_01_check_sign_in_button_on_landing_page_is_redirecting_sign_in_page -->
</testsuite> <!-- Landing Page Test On Edge -->
