<?xml version="1.0" encoding="UTF-8"?>
<!-- Generated by org.testng.reporters.JUnitXMLReporter -->
<testsuite hostname="DESKTOP-165ABPJ" name="Sign In With Username Password Test On Chrome" tests="2" failures="2" timestamp="29 Sep 2020 07:10:48 GMT" time="9.986" errors="0">
  <testcase name="TC_02_Login_ValidEmail_ValidPassword" time="0.003" classname="com.qa.interestsmart.tests.TC_12_Submit_Loan">
    <failure type="java.lang.NoSuchMethodError" message="org.testng.ITestNGMethod.getQualifiedName()Ljava/lang/String;">
      <![CDATA[java.lang.NoSuchMethodError: org.testng.ITestNGMethod.getQualifiedName()Ljava/lang/String;
	at com.qa.interestsmart.listeners.ExtentReportListener.onTestStart(ExtentReportListener.java:81)
... Removed 21 stack frames]]>
    </failure>
  </testcase> <!-- TC_02_Login_ValidEmail_ValidPassword -->
  <testcase name="TC_02_Login_ValidEmail_ValidPassword" time="9.668" classname="com.qa.interestsmart.tests.TC_12_Submit_Loan">
    <failure type="java.lang.NullPointerException">
      <![CDATA[java.lang.NullPointerException
	at com.qa.interestsmart.listeners.ExtentReportListener.onTestFailure(ExtentReportListener.java:112)
... Removed 21 stack frames]]>
    </failure>
  </testcase> <!-- TC_02_Login_ValidEmail_ValidPassword -->
</testsuite> <!-- Sign In With Username Password Test On Chrome -->
